0 info it worked if it ends with ok
1 verbose cli [ '/usr/local/bin/node', '/usr/local/bin/npm', 'run', 'start' ]
2 info using npm@3.10.6
3 info using node@v4.4.4
4 verbose run-script [ 'prestart', 'start', 'poststart' ]
5 info lifecycle airbig@0.0.1~prestart: airbig@0.0.1
6 silly lifecycle airbig@0.0.1~prestart: no script for prestart, continuing
7 info lifecycle airbig@0.0.1~start: airbig@0.0.1
8 verbose lifecycle airbig@0.0.1~start: unsafe-perm in lifecycle true
9 verbose lifecycle airbig@0.0.1~start: PATH: /usr/local/lib/node_modules/npm/bin/node-gyp-bin:/Users/MLS/Documents/airbig/node_modules/.bin:/Users/MLS/bin:/usr/local/bin:/usr/local/bin:/usr/bin:/bin:/usr/sbin:/sbin
10 verbose lifecycle airbig@0.0.1~start: CWD: /Users/MLS/Documents/airbig
11 silly lifecycle airbig@0.0.1~start: Args: [ '-c', 'node nest/server/index.js' ]
12 silly lifecycle airbig@0.0.1~start: Returned: code: 1  signal: null
13 info lifecycle airbig@0.0.1~start: Failed to exec start script
14 verbose stack Error: airbig@0.0.1 start: `node nest/server/index.js`
14 verbose stack Exit status 1
14 verbose stack     at EventEmitter.<anonymous> (/usr/local/lib/node_modules/npm/lib/utils/lifecycle.js:255:16)
14 verbose stack     at emitTwo (events.js:87:13)
14 verbose stack     at EventEmitter.emit (events.js:172:7)
14 verbose stack     at ChildProcess.<anonymous> (/usr/local/lib/node_modules/npm/lib/utils/spawn.js:40:14)
14 verbose stack     at emitTwo (events.js:87:13)
14 verbose stack     at ChildProcess.emit (events.js:172:7)
14 verbose stack     at maybeClose (internal/child_process.js:827:16)
14 verbose stack     at Process.ChildProcess._handle.onexit (internal/child_process.js:211:5)
15 verbose pkgid airbig@0.0.1
16 verbose cwd /Users/MLS/Documents/airbig
17 error Darwin 14.5.0
18 error argv "/usr/local/bin/node" "/usr/local/bin/npm" "run" "start"
19 error node v4.4.4
20 error npm  v3.10.6
21 error code ELIFECYCLE
22 error airbig@0.0.1 start: `node nest/server/index.js`
22 error Exit status 1
23 error Failed at the airbig@0.0.1 start script 'node nest/server/index.js'.
23 error Make sure you have the latest version of node.js and npm installed.
23 error If you do, this is most likely a problem with the airbig package,
23 error not with npm itself.
23 error Tell the author that this fails on your system:
23 error     node nest/server/index.js
23 error You can get information on how to open an issue for this project with:
23 error     npm bugs airbig
23 error Or if that isn't available, you can get their info via:
23 error     npm owner ls airbig
23 error There is likely additional logging output above.
24 verbose exit [ 1, true ]
